Using pre-set license
Built from '2021.3/staging' branch; Version is '2021.3.9f1 (ad3870b89536) revision 11352176'; Using compiler version '192829333'; Build Type 'Release'
OS: 'Windows 11  (10.0.22000) 64bit Core' Language: 'en' Physical Memory: 32679 MB
BatchMode: 1, IsHumanControllingUs: 0, StartBugReporterOnCrash: 0, Is64bit: 1, IsPro: 1

COMMAND LINE ARGUMENTS:
C:\Program Files\Unity\Hub\Editor\2021.3.9f1\Editor\Unity.exe
-adb2
-batchMode
-noUpm
-name
AssetImportWorker0
-projectPath
D:/Homework/Game systems 2/M01 DV01/My project
-logFile
Logs/AssetImportWorker0.log
-srvPort
57846
Successfully changed project path to: D:/Homework/Game systems 2/M01 DV01/My project
D:/Homework/Game systems 2/M01 DV01/My project
[UnityMemory] Configuration Parameters - Can be set up in boot.config
    "memorysetup-bucket-allocator-granularity=16"
    "memorysetup-bucket-allocator-bucket-count=8"
    "memorysetup-bucket-allocator-block-size=33554432"
    "memorysetup-bucket-allocator-block-count=8"
    "memorysetup-main-allocator-block-size=16777216"
    "memorysetup-thread-allocator-block-size=16777216"
    "memorysetup-gfx-main-allocator-block-size=16777216"
    "memorysetup-gfx-thread-allocator-block-size=16777216"
    "memorysetup-cache-allocator-block-size=4194304"
    "memorysetup-typetree-allocator-block-size=2097152"
    "memorysetup-profiler-bucket-allocator-granularity=16"
    "memorysetup-profiler-bucket-allocator-bucket-count=8"
    "memorysetup-profiler-bucket-allocator-block-size=33554432"
    "memorysetup-profiler-bucket-allocator-block-count=8"
    "memorysetup-profiler-allocator-block-size=16777216"
    "memorysetup-profiler-editor-allocator-block-size=1048576"
    "memorysetup-temp-allocator-size-main=16777216"
    "memorysetup-job-temp-allocator-block-size=2097152"
    "memorysetup-job-temp-allocator-block-size-background=1048576"
    "memorysetup-job-temp-allocator-reduction-small-platforms=262144"
    "memorysetup-temp-allocator-size-background-worker=32768"
    "memorysetup-temp-allocator-size-job-worker=262144"
    "memorysetup-temp-allocator-size-preload-manager=33554432"
    "memorysetup-temp-allocator-size-nav-mesh-worker=65536"
    "memorysetup-temp-allocator-size-audio-worker=65536"
    "memorysetup-temp-allocator-size-cloud-worker=32768"
    "memorysetup-temp-allocator-size-gi-baking-worker=262144"
    "memorysetup-temp-allocator-size-gfx=262144"
Refreshing native plugins compatible for Editor in 90.42 ms, found 3 plugins.
Preloading 0 native plugins for Editor in 0.00 ms.
Initialize engine version: 2021.3.9f1 (ad3870b89536)
[Subsystems] Discovering subsystems at path C:/Program Files/Unity/Hub/Editor/2021.3.9f1/Editor/Data/Resources/UnitySubsystems
[Subsystems] Discovering subsystems at path D:/Homework/Game systems 2/M01 DV01/My project/Assets
GfxDevice: creating device client; threaded=0; jobified=0
Direct3D:
    Version:  Direct3D 11.0 [level 11.1]
    Renderer: NVIDIA GeForce RTX 2080 SUPER (ID=0x1e81)
    Vendor:   NVIDIA
    VRAM:     8010 MB
    Driver:   30.0.15.1165
Initialize mono
Mono path[0] = 'C:/Program Files/Unity/Hub/Editor/2021.3.9f1/Editor/Data/Managed'
Mono path[1] = 'C:/Program Files/Unity/Hub/Editor/2021.3.9f1/Editor/Data/MonoBleedingEdge/lib/mono/unityjit-win32'
Mono config path = 'C:/Program Files/Unity/Hub/Editor/2021.3.9f1/Editor/Data/MonoBleedingEdge/etc'
Using monoOptions --debugger-agent=transport=dt_socket,embedding=1,server=y,suspend=n,address=127.0.0.1:56840
Begin MonoManager ReloadAssembly
Registering precompiled unity dll's ...
Register platform support module: C:/Program Files/Unity/Hub/Editor/2021.3.9f1/Editor/Data/PlaybackEngines/WebGLSupport/UnityEditor.WebGL.Extensions.dll
Register platform support module: C:/Program Files/Unity/Hub/Editor/2021.3.9f1/Editor/Data/PlaybackEngines/WindowsStandaloneSupport/UnityEditor.WindowsStandalone.Extensions.dll
Registered in 0.008835 seconds.
Native extension for WindowsStandalone target not found
Native extension for WebGL target not found
Refreshing native plugins compatible for Editor in 95.96 ms, found 3 plugins.
Preloading 0 native plugins for Editor in 0.00 ms.
Mono: successfully reloaded assembly
- Completed reload, in  0.728 seconds
Domain Reload Profiling:
	ReloadAssembly (728ms)
		BeginReloadAssembly (80ms)
			ExecutionOrderSort (0ms)
			DisableScriptedObjects (0ms)
			BackupInstance (0ms)
			ReleaseScriptingObjects (0ms)
			CreateAndSetChildDomain (1ms)
		EndReloadAssembly (515ms)
			LoadAssemblies (77ms)
			RebuildTransferFunctionScriptingTraits (0ms)
			SetupTypeCache (128ms)
			ReleaseScriptCaches (0ms)
			RebuildScriptCaches (31ms)
			SetupLoadedEditorAssemblies (299ms)
				LogAssemblyErrors (0ms)
				InitializePlatformSupportModulesInManaged (10ms)
				SetLoadedEditorAssemblies (0ms)
				RefreshPlugins (96ms)
				BeforeProcessingInitializeOnLoad (1ms)
				ProcessInitializeOnLoadAttributes (138ms)
				ProcessInitializeOnLoadMethodAttributes (53ms)
				AfterProcessingInitializeOnLoad (0ms)
				EditorAssembliesLoaded (0ms)
			ExecutionOrderSort2 (0ms)
			AwakeInstancesAfterBackupRestoration (0ms)
Platform modules already initialized, skipping
Registering precompiled user dll's ...
Registered in 0.006707 seconds.
Begin MonoManager ReloadAssembly
Symbol file LoadedFromMemory doesn't match image D:\Homework\Game systems 2\M01 DV01\My project\Library\PackageCache\com.unity.visualscripting@1.7.8\Editor\VisualScripting.Core\Dependencies\YamlDotNet\Unity.VisualScripting.YamlDotNet.dll
Symbol file LoadedFromMemory doesn't match image D:\Homework\Game systems 2\M01 DV01\My project\Library\PackageCache\com.unity.visualscripting@1.7.8\Editor\VisualScripting.Core\Dependencies\DotNetZip\Unity.VisualScripting.IonicZip.dll
Native extension for WindowsStandalone target not found
Native extension for WebGL target not found
Refreshing native plugins compatible for Editor in 0.63 ms, found 3 plugins.
Preloading 0 native plugins for Editor in 0.00 ms.
Mono: successfully reloaded assembly
- Completed reload, in  1.225 seconds
Domain Reload Profiling:
	ReloadAssembly (1226ms)
		BeginReloadAssembly (121ms)
			ExecutionOrderSort (0ms)
			DisableScriptedObjects (6ms)
			BackupInstance (0ms)
			ReleaseScriptingObjects (0ms)
			CreateAndSetChildDomain (21ms)
		EndReloadAssembly (962ms)
			LoadAssemblies (95ms)
			RebuildTransferFunctionScriptingTraits (0ms)
			SetupTypeCache (318ms)
			ReleaseScriptCaches (1ms)
			RebuildScriptCaches (61ms)
			SetupLoadedEditorAssemblies (436ms)
				LogAssemblyErrors (0ms)
				InitializePlatformSupportModulesInManaged (7ms)
				SetLoadedEditorAssemblies (1ms)
				RefreshPlugins (1ms)
				BeforeProcessingInitializeOnLoad (99ms)
				ProcessInitializeOnLoadAttributes (286ms)
				ProcessInitializeOnLoadMethodAttributes (33ms)
				AfterProcessingInitializeOnLoad (9ms)
				EditorAssembliesLoaded (0ms)
			ExecutionOrderSort2 (0ms)
			AwakeInstancesAfterBackupRestoration (7ms)
Platform modules already initialized, skipping
========================================================================
Worker process is ready to serve import requests
Launched and connected shader compiler UnityShaderCompiler.exe after 0.04 seconds
Refreshing native plugins compatible for Editor in 0.63 ms, found 3 plugins.
Preloading 0 native plugins for Editor in 0.00 ms.
Unloading 3603 Unused Serialized files (Serialized files now loaded: 0)
Unloading 33 unused Assets / (111.3 KB). Loaded Objects now: 4055.
Memory consumption went from 125.6 MB to 125.5 MB.
Total: 3.497700 ms (FindLiveObjects: 0.329200 ms CreateObjectMapping: 0.240500 ms MarkObjects: 2.816000 ms  DeleteObjects: 0.110800 ms)

AssetImportParameters requested are different than current active one (requested -> active):
  custom:video-decoder-ogg-theora: a1e56fd34408186e4bbccfd4996cb3dc -> 
  custom:container-muxer-webm: aa71ff27fc2769a1b78a27578f13a17b -> 
  custom:container-demuxer-webm: 4f35f7cbe854078d1ac9338744f61a02 -> 
  custom:video-encoder-webm-vp8: eb34c28f22e8b96e1ab97ce403110664 -> 
  custom:audio-encoder-webm-vorbis: bf7c407c2cedff20999df2af8eb42d56 -> 
  custom:framework-win-MediaFoundation: 216162199b28c13a410421893ffa2e32 -> 
  custom:container-demuxer-ogg: 62fdf1f143b41e24485cea50d1cbac27 -> 
  custom:video-decoder-webm-vp8: 9c59270c3fd7afecdb556c50c9e8de78 -> 
  custom:audio-decoder-ogg-vorbis: bf7c407c2cedff20999df2af8eb42d56 -> 
========================================================================
Received Import Request.
  Time since last request: 703269.773984 seconds.
  path: Assets
  artifactKey: Guid(00000000000000001000000000000000) Importer(815301076,1909f56bfc062723c751e8b465ee728b)
Start importing Assets using Guid(00000000000000001000000000000000) Importer(815301076,1909f56bfc062723c751e8b465ee728b)  -> (artifact id: '79842766b460edbeab6a34051e857a80') in 0.010885 seconds 
========================================================================
Received Import Request.
  Time since last request: 8.888956 seconds.
  path: Assets/Prefabs
  artifactKey: Guid(456ecff4862ecf8458e8bd8a6d78d1e1) Importer(815301076,1909f56bfc062723c751e8b465ee728b)
Start importing Assets/Prefabs using Guid(456ecff4862ecf8458e8bd8a6d78d1e1) Importer(815301076,1909f56bfc062723c751e8b465ee728b)  -> (artifact id: '1a588d40b652893dbc84a872b993c900') in 0.004974 seconds 
========================================================================
Received Import Request.
  Time since last request: 6.267769 seconds.
  path: Assets/materials
  artifactKey: Guid(355a84fe12efcd54792d1a88c1a65c57) Importer(815301076,1909f56bfc062723c751e8b465ee728b)
Start importing Assets/materials using Guid(355a84fe12efcd54792d1a88c1a65c57) Importer(815301076,1909f56bfc062723c751e8b465ee728b)  -> (artifact id: 'b68869e4ab7ff8ac7c5c1d133f603183') in 0.005184 seconds 
========================================================================
Received Import Request.
  Time since last request: 6.668851 seconds.
  path: Assets/Models
  artifactKey: Guid(445d828f8b1af0541a33c1ea888e857d) Importer(815301076,1909f56bfc062723c751e8b465ee728b)
Start importing Assets/Models using Guid(445d828f8b1af0541a33c1ea888e857d) Importer(815301076,1909f56bfc062723c751e8b465ee728b)  -> (artifact id: '429701a3eadeefff1b5ede769b060468') in 0.005040 seconds 
========================================================================
Received Import Request.
  Time since last request: 71.749266 seconds.
  path: Assets/Models/BattleRoyaleAssets
  artifactKey: Guid(d0f6848742d202b4da00ad6039309949) Importer(815301076,1909f56bfc062723c751e8b465ee728b)
Start importing Assets/Models/BattleRoyaleAssets using Guid(d0f6848742d202b4da00ad6039309949) Importer(815301076,1909f56bfc062723c751e8b465ee728b)  -> (artifact id: 'd4e28614bb04423144bce2051133d43f') in 0.005420 seconds 
========================================================================
Received Import Request.
  Time since last request: 0.805747 seconds.
  path: Assets/Models/BattleRoyaleAssets/Models
  artifactKey: Guid(abc741b04c2f191498db7d26ace7c633) Importer(815301076,1909f56bfc062723c751e8b465ee728b)
Start importing Assets/Models/BattleRoyaleAssets/Models using Guid(abc741b04c2f191498db7d26ace7c633) Importer(815301076,1909f56bfc062723c751e8b465ee728b)  -> (artifact id: 'f018a66b8fb16daee2948ed1f61e6391') in 0.001739 seconds 
========================================================================
Received Import Request.
  Time since last request: 0.070554 seconds.
  path: Assets/Models/BattleRoyaleAssets/Models/AmmoBox.fbx
  artifactKey: Guid(f5a5f10423cb69d48b5a67f62e07a47a) Importer(815301076,1909f56bfc062723c751e8b465ee728b)
Start importing Assets/Models/BattleRoyaleAssets/Models/AmmoBox.fbx using Guid(f5a5f10423cb69d48b5a67f62e07a47a) Importer(815301076,1909f56bfc062723c751e8b465ee728b)  -> (artifact id: 'e95b42ab7bd87576b7648698c1bb1a3a') in 0.669130 seconds 
========================================================================
Received Import Request.
  Time since last request: 0.000024 seconds.
  path: Assets/Models/BattleRoyaleAssets/Models/ForceField.fbx
  artifactKey: Guid(bc529323784ae9143b64887a4d5d26b2) Importer(815301076,1909f56bfc062723c751e8b465ee728b)
Start importing Assets/Models/BattleRoyaleAssets/Models/ForceField.fbx using Guid(bc529323784ae9143b64887a4d5d26b2) Importer(815301076,1909f56bfc062723c751e8b465ee728b)  -> (artifact id: '69fb1dec6cc651610ac6bb0c5938a4cf') in 0.130005 seconds 
========================================================================
Received Import Request.
  Time since last request: 0.000028 seconds.
  path: Assets/Models/BattleRoyaleAssets/Models/Platform.fbx
  artifactKey: Guid(d76bf172c5f6ba248b525767d1d2bc4b) Importer(815301076,1909f56bfc062723c751e8b465ee728b)
Start importing Assets/Models/BattleRoyaleAssets/Models/Platform.fbx using Guid(d76bf172c5f6ba248b525767d1d2bc4b) Importer(815301076,1909f56bfc062723c751e8b465ee728b)  -> (artifact id: '9300d5c5b71b464005b68d6c8e2caee7') in 0.032033 seconds 
========================================================================
Received Import Request.
  Time since last request: 1.177448 seconds.
  path: Assets/Models/BattleRoyaleAssets/Textures
  artifactKey: Guid(7e82b10f7aefa4549af87fa5b580df9c) Importer(815301076,1909f56bfc062723c751e8b465ee728b)
Start importing Assets/Models/BattleRoyaleAssets/Textures using Guid(7e82b10f7aefa4549af87fa5b580df9c) Importer(815301076,1909f56bfc062723c751e8b465ee728b)  -> (artifact id: 'df8ee70c838b7d3d3f1202659cf28110') in 0.005567 seconds 
========================================================================
Received Import Request.
  Time since last request: 0.064918 seconds.
  path: Assets/Models/BattleRoyaleAssets/Textures/Crosshair.png
  artifactKey: Guid(e2944e1f1e0da8948a5d3cd81f835c20) Importer(815301076,1909f56bfc062723c751e8b465ee728b)
Start importing Assets/Models/BattleRoyaleAssets/Textures/Crosshair.png using Guid(e2944e1f1e0da8948a5d3cd81f835c20) Importer(815301076,1909f56bfc062723c751e8b465ee728b)  -> (artifact id: '7fde4e9b5be6a4394c72c44b96987db1') in 0.053001 seconds 
Editor requested this worker to shutdown with reason: Scaling down because of idle timeout
AssetImportWorker is now disconnected from the server
Process exiting
Exiting without the bug reporter. Application will terminate with return code 0